


ARM Macro Assembler    Page 1 


    1 00000000         
    2 00000000         ;A program to compute the sum, difference, 
    3 00000000         ;and absolute difference of two signed 
    4 00000000         ;32-bit numbers.
    5 00000000         
    6 00000000         ;------Assembler Directives----------------
    7 00000000                 THUMB                        ; uses Thumb instru
                                                            ctions
    8 00000000         ; Data Variables
    9 00000000                 AREA             DATA, ALIGN=2 ; places objects 
                                                            in data memory (RAM
                                                            )
   10 00000000                 EXPORT           SUM [DATA,SIZE=4] ; export publ
                                                            ic varialbe "SUM" f
                                                            or use elsewhere
   11 00000000                 EXPORT           DIFF [DATA,SIZE=4] ; export pub
                                                            lic varialbe "DIFF"
                                                             for use elsewhere
   12 00000000                 EXPORT           ABS [DATA,SIZE=4] ; export publ
                                                            ic varialbe "ABS" f
                                                            or use elsewhere
   13 00000000                 EXPORT           LARGER [DATA,SIZE=4] ; export p
                                                            ublic varialbe "ABS
                                                            " for use elsewhere
                                                            
   14 00000000                 EXPORT           FLAG [DATA,SIZE=4] ; export pub
                                                            lic varialbe "ABS" 
                                                            for use elsewhere 
   15 00000000 00 00 00 
              00       SUM     SPACE            4           ; allocates 4 unini
                                                            tialized bytes in R
                                                            AM for SUM
   16 00000004 00 00 00 
              00       DIFF    SPACE            4           ; allocates 4 unini
                                                            tialized bytes in R
                                                            AM for DIFF
   17 00000008 00 00 00 
              00       ABS     SPACE            4           ; allocates 4 unini
                                                            tialized bytes in R
                                                            AM for ABS
   18 0000000C 00 00 00 
              00       LARGER  SPACE            4           ; allocates 4 unini
                                                            tialized bytes in R
                                                            AM for LARGER
   19 00000010 00 00 00 
              00       FLAG    SPACE            4           ; allocates 4 unini
                                                            tialized bytes in R
                                                            AM for LARGER
   20 00000014         
   21 00000014         ; Code
   22 00000014                 AREA             |.text|, CODE, READONLY, ALIGN=
2 
                                                            ; code in flash ROM
                                                            
   23 00000000                 EXPORT           Start       ; export public fun
                                                            ction "start" for u
                                                            se elsewhere
   24 00000000 0000002A 
                       NUM1    DCD              42          ; 32-bit constant d



ARM Macro Assembler    Page 2 


                                                            ata NUM1 = -1
   25 00000004 00000002 
                       NUM2    DCD              2           ; 32-bit constant d
                                                            ata NUM2 = 2
   26 00000008         ;-------End of Assembler Directives----------
   27 00000008         
   28 00000008         
   29 00000008         GET_SUM                              ; subroutine GET_SU
                                                            M
   30 00000008 EB01 0002       ADD              R0, R1, R2  ; R0=R1+R2
   31 0000000C 4B11            LDR              R3, =SUM    ; R3=&SUM, R3 point
                                                            s to SUM
   32 0000000E 6018            STR              R0, [R3]    ; store the sum of 
                                                            NUM1 and NUM2 to SU
                                                            M
   33 00000010 4770            BX               LR          ; subroutine return
                                                            
   34 00000012         GET_LARGER                           ; subroutine GET_LA
                                                            RGER  
   35 00000012 4B11            LDR              R3, =LARGER ; R3=&LARGER, R3 po
                                                            ints to LARGER
   36 00000014 6019            STR              R1, [R3]    ; assume NUM1 is th
                                                            e larger number
   37 00000016 1A88            SUBS             R0, R1, R2  ; R0=R1-R2
   38 00000018 DB01            BLT              GET_SWITCH  ; if R0 <= 0, branc
                                                            h to GET_SWITCH and
                                                             set NUM2 as the la
                                                            rger number
   39 0000001A D002            BEQ              GET_FLAG
   40 0000001C 4770            BX               LR          ; subroutine return
                                                            
   41 0000001E         GET_SWITCH
   42 0000001E 601A            STR              R2, [R3]    ; set NUM2 as the l
                                                            arger number
   43 00000020 4770            BX               LR
   44 00000022         GET_FLAG
   45 00000022 4B0E            LDR              R3, =FLAG
   46 00000024 F04F 0101       MOV              R1, #1
   47 00000028 6019            STR              R1, [R3]    ; 
   48 0000002A 4770            BX               LR
   49 0000002C         GET_DIFF                             ; subroutine GET_DI
                                                            FF
   50 0000002C 1A88            SUBS             R0, R1, R2  ; R0=R1-R2
   51 0000002E 4B0C            LDR              R3, =DIFF   ; R3=&DIFF, R3 poin
                                                            ts to DIFF
   52 00000030 6018            STR              R0, [R3]    ; store the differe
                                                            nt of NUM1 and NUM2
                                                             to DIFF
   53 00000032 D402            BMI              GET_ABS     ; check condition c
                                                            ode, if N=1 (i.e. t
                                                            he difference is ne
                                                            gative), 
   54 00000034         ; branch to GET_ABS to calculate the absolute difference
                       
   55 00000034         STR_ABS                              ; label STR_ABS, st
                                                            ore the absolute di
                                                            fference
   56 00000034 4B0B            LDR              R3, =ABS    ; R3=&ABS, R3 point
                                                            s to ABS



ARM Macro Assembler    Page 3 


   57 00000036 6018            STR              R0, [R3]    ; store the absolut
                                                            e difference to ABS
                                                            
   58 00000038 4770            BX               LR          ; subroutine return
                                                            
   59 0000003A         GET_ABS                              ; label GET_ABS, ca
                                                            lculate the absolut
                                                            e difference if the
                                                             difference is nega
                                                            tive
   60 0000003A F1C0 0000       RSB              R0, R0, #0  ; R0=0-R0;
   61 0000003E E7F9            B                STR_ABS     ; branch to STR_ABS
                                                             to store the resul
                                                            t
   62 00000040         
   63 00000040 F85F 1044 
                       Start   LDR              R1, NUM1    ; R1=NUM1
   64 00000044 F85F 2044       LDR              R2, NUM2    ; R2=NUM2  
   65 00000048 F7FF FFE3       BL               GET_LARGER
   66 0000004C F7FF FFDC       BL               GET_SUM
   67 00000050 F7FF FFEC       BL               GET_DIFF
   68 00000054         
   69 00000054         
   70 00000054                 ALIGN                        ; make sure the end
                                                             of this section is
                                                             aligned
   71 00000054                 END                          ; end of file
              00000000 
              00000000 
              00000000 
              00000000 
              00000000 
Command Line: --debug --xref --diag_suppress=9931 --cpu=Cortex-M4.fp.sp --apcs=
interwork --depend=.\sim.d -o.\sim.o -IC:\Keil_v5\ARM\RV31\INC -IC:\Keil_v5\ARM
\CMSIS\Include -IC:\Keil_v5\ARM\INC\TI\TM4C123 --predefine="__EVAL SETA 1" --pr
edefine="__UVISION_VERSION SETA 529" --list=.\sim.lst sim.s



ARM Macro Assembler    Page 1 Alphabetic symbol ordering
Relocatable symbols

ABS 00000008

Symbol: ABS
   Definitions
      At line 17 in file sim.s
   Uses
      At line 12 in file sim.s
      At line 56 in file sim.s

DATA 00000000

Symbol: DATA
   Definitions
      At line 9 in file sim.s
   Uses
      None
Comment: DATA unused
DIFF 00000004

Symbol: DIFF
   Definitions
      At line 16 in file sim.s
   Uses
      At line 11 in file sim.s
      At line 51 in file sim.s

FLAG 00000010

Symbol: FLAG
   Definitions
      At line 19 in file sim.s
   Uses
      At line 14 in file sim.s
      At line 45 in file sim.s

LARGER 0000000C

Symbol: LARGER
   Definitions
      At line 18 in file sim.s
   Uses
      At line 13 in file sim.s
      At line 35 in file sim.s

SUM 00000000

Symbol: SUM
   Definitions
      At line 15 in file sim.s
   Uses
      At line 10 in file sim.s
      At line 31 in file sim.s

6 symbols



ARM Macro Assembler    Page 1 Alphabetic symbol ordering
Relocatable symbols

.text 00000000

Symbol: .text
   Definitions
      At line 22 in file sim.s
   Uses
      None
Comment: .text unused
GET_ABS 0000003A

Symbol: GET_ABS
   Definitions
      At line 59 in file sim.s
   Uses
      At line 53 in file sim.s
Comment: GET_ABS used once
GET_DIFF 0000002C

Symbol: GET_DIFF
   Definitions
      At line 49 in file sim.s
   Uses
      At line 67 in file sim.s
Comment: GET_DIFF used once
GET_FLAG 00000022

Symbol: GET_FLAG
   Definitions
      At line 44 in file sim.s
   Uses
      At line 39 in file sim.s
Comment: GET_FLAG used once
GET_LARGER 00000012

Symbol: GET_LARGER
   Definitions
      At line 34 in file sim.s
   Uses
      At line 65 in file sim.s
Comment: GET_LARGER used once
GET_SUM 00000008

Symbol: GET_SUM
   Definitions
      At line 29 in file sim.s
   Uses
      At line 66 in file sim.s
Comment: GET_SUM used once
GET_SWITCH 0000001E

Symbol: GET_SWITCH
   Definitions
      At line 41 in file sim.s
   Uses
      At line 38 in file sim.s
Comment: GET_SWITCH used once
NUM1 00000000

Symbol: NUM1



ARM Macro Assembler    Page 2 Alphabetic symbol ordering
Relocatable symbols

   Definitions
      At line 24 in file sim.s
   Uses
      At line 63 in file sim.s
Comment: NUM1 used once
NUM2 00000004

Symbol: NUM2
   Definitions
      At line 25 in file sim.s
   Uses
      At line 64 in file sim.s
Comment: NUM2 used once
STR_ABS 00000034

Symbol: STR_ABS
   Definitions
      At line 55 in file sim.s
   Uses
      At line 61 in file sim.s
Comment: STR_ABS used once
Start 00000040

Symbol: Start
   Definitions
      At line 63 in file sim.s
   Uses
      At line 23 in file sim.s
Comment: Start used once
11 symbols
352 symbols in table
